03-Oct-2017 07:51:19.592 INFOS [main] org.apache.catalina.startup.VersionLoggerListener.log Server version:        Apache Tomcat/8.0.46
03-Oct-2017 07:51:19.626 INFOS [main] org.apache.catalina.startup.VersionLoggerListener.log Server built:          Aug 10 2017 10:10:31 UTC
03-Oct-2017 07:51:19.627 INFOS [main] org.apache.catalina.startup.VersionLoggerListener.log Server number:         8.0.46.0
03-Oct-2017 07:51:19.627 INFOS [main] org.apache.catalina.startup.VersionLoggerListener.log OS Name:               Linux
03-Oct-2017 07:51:19.627 INFOS [main] org.apache.catalina.startup.VersionLoggerListener.log OS Version:            3.16.0-4-amd64
03-Oct-2017 07:51:19.627 INFOS [main] org.apache.catalina.startup.VersionLoggerListener.log Architecture:          amd64
03-Oct-2017 07:51:19.627 INFOS [main] org.apache.catalina.startup.VersionLoggerListener.log Java Home:             /usr/local/virtual_machine/anaconda3/jre
03-Oct-2017 07:51:19.627 INFOS [main] org.apache.catalina.startup.VersionLoggerListener.log JVM Version:           1.8.0_121-b15
03-Oct-2017 07:51:19.627 INFOS [main] org.apache.catalina.startup.VersionLoggerListener.log JVM Vendor:            Azul Systems, Inc.
03-Oct-2017 07:51:19.627 INFOS [main] org.apache.catalina.startup.VersionLoggerListener.log CATALINA_BASE:         /home/infoetu/lamboisa/S5/Projet/apache-tomcat-8.0.46
03-Oct-2017 07:51:19.627 INFOS [main] org.apache.catalina.startup.VersionLoggerListener.log CATALINA_HOME:         /home/infoetu/lamboisa/S5/Projet/apache-tomcat-8.0.46
03-Oct-2017 07:51:19.627 INFOS [main] org.apache.catalina.startup.VersionLoggerListener.log Command line argument: -Djava.util.logging.config.file=/home/infoetu/lamboisa/S5/Projet/apache-tomcat-8.0.46/conf/logging.properties
03-Oct-2017 07:51:19.628 INFOS [main] org.apache.catalina.startup.VersionLoggerListener.log Command line argument: -Djava.util.logging.manager=org.apache.juli.ClassLoaderLogManager
03-Oct-2017 07:51:19.628 INFOS [main] org.apache.catalina.startup.VersionLoggerListener.log Command line argument: -Djdk.tls.ephemeralDHKeySize=2048
03-Oct-2017 07:51:19.628 INFOS [main] org.apache.catalina.startup.VersionLoggerListener.log Command line argument: -Djava.protocol.handler.pkgs=org.apache.catalina.webresources
03-Oct-2017 07:51:19.628 INFOS [main] org.apache.catalina.startup.VersionLoggerListener.log Command line argument: -Djava.endorsed.dirs=/home/infoetu/lamboisa/S5/Projet/apache-tomcat-8.0.46/endorsed
03-Oct-2017 07:51:19.628 INFOS [main] org.apache.catalina.startup.VersionLoggerListener.log Command line argument: -Dcatalina.base=/home/infoetu/lamboisa/S5/Projet/apache-tomcat-8.0.46
03-Oct-2017 07:51:19.628 INFOS [main] org.apache.catalina.startup.VersionLoggerListener.log Command line argument: -Dcatalina.home=/home/infoetu/lamboisa/S5/Projet/apache-tomcat-8.0.46
03-Oct-2017 07:51:19.628 INFOS [main] org.apache.catalina.startup.VersionLoggerListener.log Command line argument: -Djava.io.tmpdir=/home/infoetu/lamboisa/S5/Projet/apache-tomcat-8.0.46/temp
03-Oct-2017 07:51:19.628 INFOS [main] org.apache.catalina.core.AprLifecycleListener.lifecycleEvent The APR based Apache Tomcat Native library which allows optimal performance in production environments was not found on the java.library.path: /usr/java/packages/lib/amd64:/usr/lib64:/lib64:/lib:/usr/lib
03-Oct-2017 07:51:19.901 INFOS [main] org.apache.coyote.AbstractProtocol.init Initializing ProtocolHandler ["http-nio-8080"]
03-Oct-2017 07:51:19.956 INFOS [main] org.apache.tomcat.util.net.NioSelectorPool.getSharedSelector Using a shared selector for servlet write/read
03-Oct-2017 07:51:19.958 INFOS [main] org.apache.coyote.AbstractProtocol.init Initializing ProtocolHandler ["ajp-nio-8009"]
03-Oct-2017 07:51:19.962 INFOS [main] org.apache.tomcat.util.net.NioSelectorPool.getSharedSelector Using a shared selector for servlet write/read
03-Oct-2017 07:51:19.962 INFOS [main] org.apache.catalina.startup.Catalina.load Initialization processed in 951 ms
03-Oct-2017 07:51:19.987 INFOS [main] org.apache.catalina.core.StandardService.startInternal Démarrage du service Catalina
03-Oct-2017 07:51:19.987 INFOS [main] org.apache.catalina.core.StandardEngine.startInternal Starting Servlet Engine: Apache Tomcat/8.0.46
03-Oct-2017 07:51:20.006 INFOS [localhost-startStop-1] org.apache.catalina.startup.HostConfig.deployDirectory Déploiement du répertoire /home/infoetu/lamboisa/S5/Projet/apache-tomcat-8.0.46/webapps/ROOT de l'application web
03-Oct-2017 07:51:20.456 INFOS [localhost-startStop-1] org.apache.jasper.servlet.TldScanner.scanJars At least one JAR was scanned for TLDs yet contained no TLDs. Enable debug logging for this logger for a complete list of JARs that were scanned but no TLDs were found in them. Skipping unneeded JARs during scanning can improve startup time and JSP compilation time.
03-Oct-2017 07:51:20.513 INFOS [localhost-startStop-1] org.apache.catalina.startup.HostConfig.deployDirectory Deployment of web application directory /home/infoetu/lamboisa/S5/Projet/apache-tomcat-8.0.46/webapps/ROOT has finished in 505 ms
03-Oct-2017 07:51:20.513 INFOS [localhost-startStop-1] org.apache.catalina.startup.HostConfig.deployDirectory Déploiement du répertoire /home/infoetu/lamboisa/S5/Projet/apache-tomcat-8.0.46/webapps/ServerWeb de l'application web
03-Oct-2017 07:51:20.616 INFOS [localhost-startStop-1] org.apache.jasper.servlet.TldScanner.scanJars At least one JAR was scanned for TLDs yet contained no TLDs. Enable debug logging for this logger for a complete list of JARs that were scanned but no TLDs were found in them. Skipping unneeded JARs during scanning can improve startup time and JSP compilation time.
03-Oct-2017 07:51:20.638 INFOS [localhost-startStop-1] org.apache.catalina.startup.HostConfig.deployDirectory Deployment of web application directory /home/infoetu/lamboisa/S5/Projet/apache-tomcat-8.0.46/webapps/ServerWeb has finished in 125 ms
03-Oct-2017 07:51:20.638 INFOS [localhost-startStop-1] org.apache.catalina.startup.HostConfig.deployDirectory Déploiement du répertoire /home/infoetu/lamboisa/S5/Projet/apache-tomcat-8.0.46/webapps/docs de l'application web
03-Oct-2017 07:51:20.690 INFOS [localhost-startStop-1] org.apache.jasper.servlet.TldScanner.scanJars At least one JAR was scanned for TLDs yet contained no TLDs. Enable debug logging for this logger for a complete list of JARs that were scanned but no TLDs were found in them. Skipping unneeded JARs during scanning can improve startup time and JSP compilation time.
03-Oct-2017 07:51:20.692 INFOS [localhost-startStop-1] org.apache.catalina.startup.HostConfig.deployDirectory Deployment of web application directory /home/infoetu/lamboisa/S5/Projet/apache-tomcat-8.0.46/webapps/docs has finished in 54 ms
03-Oct-2017 07:51:20.692 INFOS [localhost-startStop-1] org.apache.catalina.startup.HostConfig.deployDirectory Déploiement du répertoire /home/infoetu/lamboisa/S5/Projet/apache-tomcat-8.0.46/webapps/manager de l'application web
03-Oct-2017 07:51:20.759 INFOS [localhost-startStop-1] org.apache.jasper.servlet.TldScanner.scanJars At least one JAR was scanned for TLDs yet contained no TLDs. Enable debug logging for this logger for a complete list of JARs that were scanned but no TLDs were found in them. Skipping unneeded JARs during scanning can improve startup time and JSP compilation time.
03-Oct-2017 07:51:20.763 INFOS [localhost-startStop-1] org.apache.catalina.startup.HostConfig.deployDirectory Deployment of web application directory /home/infoetu/lamboisa/S5/Projet/apache-tomcat-8.0.46/webapps/manager has finished in 71 ms
03-Oct-2017 07:51:20.763 INFOS [localhost-startStop-1] org.apache.catalina.startup.HostConfig.deployDirectory Déploiement du répertoire /home/infoetu/lamboisa/S5/Projet/apache-tomcat-8.0.46/webapps/host-manager de l'application web
03-Oct-2017 07:51:20.812 INFOS [localhost-startStop-1] org.apache.jasper.servlet.TldScanner.scanJars At least one JAR was scanned for TLDs yet contained no TLDs. Enable debug logging for this logger for a complete list of JARs that were scanned but no TLDs were found in them. Skipping unneeded JARs during scanning can improve startup time and JSP compilation time.
03-Oct-2017 07:51:20.814 INFOS [localhost-startStop-1] org.apache.catalina.startup.HostConfig.deployDirectory Deployment of web application directory /home/infoetu/lamboisa/S5/Projet/apache-tomcat-8.0.46/webapps/host-manager has finished in 51 ms
03-Oct-2017 07:51:20.815 INFOS [localhost-startStop-1] org.apache.catalina.startup.HostConfig.deployDirectory Déploiement du répertoire /home/infoetu/lamboisa/S5/Projet/apache-tomcat-8.0.46/webapps/examples de l'application web
03-Oct-2017 07:51:21.158 INFOS [localhost-startStop-1] org.apache.jasper.servlet.TldScanner.scanJars At least one JAR was scanned for TLDs yet contained no TLDs. Enable debug logging for this logger for a complete list of JARs that were scanned but no TLDs were found in them. Skipping unneeded JARs during scanning can improve startup time and JSP compilation time.
03-Oct-2017 07:51:21.203 INFOS [localhost-startStop-1] org.apache.catalina.startup.HostConfig.deployDirectory Deployment of web application directory /home/infoetu/lamboisa/S5/Projet/apache-tomcat-8.0.46/webapps/examples has finished in 388 ms
03-Oct-2017 07:51:21.203 INFOS [localhost-startStop-1] org.apache.catalina.startup.HostConfig.deployDirectory Déploiement du répertoire /home/infoetu/lamboisa/S5/Projet/apache-tomcat-8.0.46/webapps/Projet de l'application web
03-Oct-2017 07:51:21.258 INFOS [localhost-startStop-1] org.apache.jasper.servlet.TldScanner.scanJars At least one JAR was scanned for TLDs yet contained no TLDs. Enable debug logging for this logger for a complete list of JARs that were scanned but no TLDs were found in them. Skipping unneeded JARs during scanning can improve startup time and JSP compilation time.
03-Oct-2017 07:51:21.344 INFOS [localhost-startStop-1] org.apache.catalina.startup.HostConfig.deployDirectory Deployment of web application directory /home/infoetu/lamboisa/S5/Projet/apache-tomcat-8.0.46/webapps/Projet has finished in 141 ms
03-Oct-2017 07:51:21.346 INFOS [main] org.apache.coyote.AbstractProtocol.start Starting ProtocolHandler ["http-nio-8080"]
03-Oct-2017 07:51:21.351 INFOS [main] org.apache.coyote.AbstractProtocol.start Starting ProtocolHandler ["ajp-nio-8009"]
03-Oct-2017 07:51:21.352 INFOS [main] org.apache.catalina.startup.Catalina.start Server startup in 1389 ms
