02-Oct-2017 09:09:45.001 INFOS [main] org.apache.catalina.startup.VersionLoggerListener.log Server version:        Apache Tomcat/8.0.46
02-Oct-2017 09:09:45.036 INFOS [main] org.apache.catalina.startup.VersionLoggerListener.log Server built:          Aug 10 2017 10:10:31 UTC
02-Oct-2017 09:09:45.036 INFOS [main] org.apache.catalina.startup.VersionLoggerListener.log Server number:         8.0.46.0
02-Oct-2017 09:09:45.036 INFOS [main] org.apache.catalina.startup.VersionLoggerListener.log OS Name:               Linux
02-Oct-2017 09:09:45.036 INFOS [main] org.apache.catalina.startup.VersionLoggerListener.log OS Version:            3.16.0-4-amd64
02-Oct-2017 09:09:45.036 INFOS [main] org.apache.catalina.startup.VersionLoggerListener.log Architecture:          amd64
02-Oct-2017 09:09:45.036 INFOS [main] org.apache.catalina.startup.VersionLoggerListener.log Java Home:             /usr/local/virtual_machine/anaconda3/jre
02-Oct-2017 09:09:45.036 INFOS [main] org.apache.catalina.startup.VersionLoggerListener.log JVM Version:           1.8.0_121-b15
02-Oct-2017 09:09:45.036 INFOS [main] org.apache.catalina.startup.VersionLoggerListener.log JVM Vendor:            Azul Systems, Inc.
02-Oct-2017 09:09:45.036 INFOS [main] org.apache.catalina.startup.VersionLoggerListener.log CATALINA_BASE:         /home/infoetu/lamboisa/S5/Projet/apache-tomcat-8.0.46
02-Oct-2017 09:09:45.036 INFOS [main] org.apache.catalina.startup.VersionLoggerListener.log CATALINA_HOME:         /home/infoetu/lamboisa/S5/Projet/apache-tomcat-8.0.46
02-Oct-2017 09:09:45.037 INFOS [main] org.apache.catalina.startup.VersionLoggerListener.log Command line argument: -Djava.util.logging.config.file=/home/infoetu/lamboisa/S5/Projet/apache-tomcat-8.0.46/conf/logging.properties
02-Oct-2017 09:09:45.037 INFOS [main] org.apache.catalina.startup.VersionLoggerListener.log Command line argument: -Djava.util.logging.manager=org.apache.juli.ClassLoaderLogManager
02-Oct-2017 09:09:45.037 INFOS [main] org.apache.catalina.startup.VersionLoggerListener.log Command line argument: -Djdk.tls.ephemeralDHKeySize=2048
02-Oct-2017 09:09:45.037 INFOS [main] org.apache.catalina.startup.VersionLoggerListener.log Command line argument: -Djava.protocol.handler.pkgs=org.apache.catalina.webresources
02-Oct-2017 09:09:45.037 INFOS [main] org.apache.catalina.startup.VersionLoggerListener.log Command line argument: -Djava.endorsed.dirs=/home/infoetu/lamboisa/S5/Projet/apache-tomcat-8.0.46/endorsed
02-Oct-2017 09:09:45.037 INFOS [main] org.apache.catalina.startup.VersionLoggerListener.log Command line argument: -Dcatalina.base=/home/infoetu/lamboisa/S5/Projet/apache-tomcat-8.0.46
02-Oct-2017 09:09:45.037 INFOS [main] org.apache.catalina.startup.VersionLoggerListener.log Command line argument: -Dcatalina.home=/home/infoetu/lamboisa/S5/Projet/apache-tomcat-8.0.46
02-Oct-2017 09:09:45.037 INFOS [main] org.apache.catalina.startup.VersionLoggerListener.log Command line argument: -Djava.io.tmpdir=/home/infoetu/lamboisa/S5/Projet/apache-tomcat-8.0.46/temp
02-Oct-2017 09:09:45.037 INFOS [main] org.apache.catalina.core.AprLifecycleListener.lifecycleEvent The APR based Apache Tomcat Native library which allows optimal performance in production environments was not found on the java.library.path: /usr/java/packages/lib/amd64:/usr/lib64:/lib64:/lib:/usr/lib
02-Oct-2017 09:09:45.332 INFOS [main] org.apache.coyote.AbstractProtocol.init Initializing ProtocolHandler ["http-nio-8080"]
02-Oct-2017 09:09:45.382 INFOS [main] org.apache.tomcat.util.net.NioSelectorPool.getSharedSelector Using a shared selector for servlet write/read
02-Oct-2017 09:09:45.384 INFOS [main] org.apache.coyote.AbstractProtocol.init Initializing ProtocolHandler ["ajp-nio-8009"]
02-Oct-2017 09:09:45.385 INFOS [main] org.apache.tomcat.util.net.NioSelectorPool.getSharedSelector Using a shared selector for servlet write/read
02-Oct-2017 09:09:45.386 INFOS [main] org.apache.catalina.startup.Catalina.load Initialization processed in 999 ms
02-Oct-2017 09:09:45.418 INFOS [main] org.apache.catalina.core.StandardService.startInternal Démarrage du service Catalina
02-Oct-2017 09:09:45.418 INFOS [main] org.apache.catalina.core.StandardEngine.startInternal Starting Servlet Engine: Apache Tomcat/8.0.46
02-Oct-2017 09:09:45.441 INFOS [localhost-startStop-1] org.apache.catalina.startup.HostConfig.deployDirectory Déploiement du répertoire /home/infoetu/lamboisa/S5/Projet/apache-tomcat-8.0.46/webapps/ROOT de l'application web
02-Oct-2017 09:09:45.840 INFOS [localhost-startStop-1] org.apache.catalina.startup.HostConfig.deployDirectory Deployment of web application directory /home/infoetu/lamboisa/S5/Projet/apache-tomcat-8.0.46/webapps/ROOT has finished in 397 ms
02-Oct-2017 09:09:45.840 INFOS [localhost-startStop-1] org.apache.catalina.startup.HostConfig.deployDirectory Déploiement du répertoire /home/infoetu/lamboisa/S5/Projet/apache-tomcat-8.0.46/webapps/docs de l'application web
02-Oct-2017 09:09:45.859 INFOS [localhost-startStop-1] org.apache.catalina.startup.HostConfig.deployDirectory Deployment of web application directory /home/infoetu/lamboisa/S5/Projet/apache-tomcat-8.0.46/webapps/docs has finished in 18 ms
02-Oct-2017 09:09:45.859 INFOS [localhost-startStop-1] org.apache.catalina.startup.HostConfig.deployDirectory Déploiement du répertoire /home/infoetu/lamboisa/S5/Projet/apache-tomcat-8.0.46/webapps/manager de l'application web
02-Oct-2017 09:09:45.892 INFOS [localhost-startStop-1] org.apache.catalina.startup.HostConfig.deployDirectory Deployment of web application directory /home/infoetu/lamboisa/S5/Projet/apache-tomcat-8.0.46/webapps/manager has finished in 33 ms
02-Oct-2017 09:09:45.892 INFOS [localhost-startStop-1] org.apache.catalina.startup.HostConfig.deployDirectory Déploiement du répertoire /home/infoetu/lamboisa/S5/Projet/apache-tomcat-8.0.46/webapps/host-manager de l'application web
02-Oct-2017 09:09:45.915 INFOS [localhost-startStop-1] org.apache.catalina.startup.HostConfig.deployDirectory Deployment of web application directory /home/infoetu/lamboisa/S5/Projet/apache-tomcat-8.0.46/webapps/host-manager has finished in 23 ms
02-Oct-2017 09:09:45.915 INFOS [localhost-startStop-1] org.apache.catalina.startup.HostConfig.deployDirectory Déploiement du répertoire /home/infoetu/lamboisa/S5/Projet/apache-tomcat-8.0.46/webapps/examples de l'application web
02-Oct-2017 09:09:46.226 INFOS [localhost-startStop-1] org.apache.catalina.startup.HostConfig.deployDirectory Deployment of web application directory /home/infoetu/lamboisa/S5/Projet/apache-tomcat-8.0.46/webapps/examples has finished in 311 ms
02-Oct-2017 09:09:46.228 INFOS [main] org.apache.coyote.AbstractProtocol.start Starting ProtocolHandler ["http-nio-8080"]
02-Oct-2017 09:09:46.232 INFOS [main] org.apache.coyote.AbstractProtocol.start Starting ProtocolHandler ["ajp-nio-8009"]
02-Oct-2017 09:09:46.233 INFOS [main] org.apache.catalina.startup.Catalina.start Server startup in 847 ms
02-Oct-2017 10:29:57.676 INFOS [localhost-startStop-2] org.apache.catalina.startup.HostConfig.deployDirectory Déploiement du répertoire /home/infoetu/lamboisa/S5/Projet/apache-tomcat-8.0.46/webapps/Projet de l'application web
02-Oct-2017 10:29:57.747 INFOS [localhost-startStop-2] org.apache.catalina.startup.HostConfig.deployDirectory Deployment of web application directory /home/infoetu/lamboisa/S5/Projet/apache-tomcat-8.0.46/webapps/Projet has finished in 71 ms
02-Oct-2017 10:30:27.756 INFOS [localhost-startStop-3] org.apache.catalina.startup.HostConfig.deployDirectory Déploiement du répertoire /home/infoetu/lamboisa/S5/Projet/apache-tomcat-8.0.46/webapps/ServerWeb de l'application web
02-Oct-2017 10:30:27.800 INFOS [localhost-startStop-3] org.apache.catalina.startup.HostConfig.deployDirectory Deployment of web application directory /home/infoetu/lamboisa/S5/Projet/apache-tomcat-8.0.46/webapps/ServerWeb has finished in 43 ms
02-Oct-2017 13:05:01.041 INFOS [Thread-5] org.apache.coyote.AbstractProtocol.pause Pausing ProtocolHandler ["http-nio-8080"]
02-Oct-2017 13:05:01.117 INFOS [Thread-5] org.apache.coyote.AbstractProtocol.pause Pausing ProtocolHandler ["ajp-nio-8009"]
02-Oct-2017 13:05:01.167 INFOS [Thread-5] org.apache.catalina.core.StandardService.stopInternal Arrêt du service Catalina
02-Oct-2017 13:05:01.201 INFOS [Thread-5] org.apache.coyote.AbstractProtocol.stop Stopping ProtocolHandler ["http-nio-8080"]
02-Oct-2017 13:05:01.296 INFOS [Thread-5] org.apache.coyote.AbstractProtocol.stop Stopping ProtocolHandler ["ajp-nio-8009"]
02-Oct-2017 13:05:01.297 INFOS [Thread-5] org.apache.coyote.AbstractProtocol.destroy Destroying ProtocolHandler ["http-nio-8080"]
02-Oct-2017 13:05:01.298 INFOS [Thread-5] org.apache.coyote.AbstractProtocol.destroy Destroying ProtocolHandler ["ajp-nio-8009"]
02-Oct-2017 13:05:02.266 INFOS [main] org.apache.catalina.startup.VersionLoggerListener.log Server version:        Apache Tomcat/8.0.46
02-Oct-2017 13:05:02.268 INFOS [main] org.apache.catalina.startup.VersionLoggerListener.log Server built:          Aug 10 2017 10:10:31 UTC
02-Oct-2017 13:05:02.268 INFOS [main] org.apache.catalina.startup.VersionLoggerListener.log Server number:         8.0.46.0
02-Oct-2017 13:05:02.268 INFOS [main] org.apache.catalina.startup.VersionLoggerListener.log OS Name:               Linux
02-Oct-2017 13:05:02.268 INFOS [main] org.apache.catalina.startup.VersionLoggerListener.log OS Version:            3.16.0-4-amd64
02-Oct-2017 13:05:02.268 INFOS [main] org.apache.catalina.startup.VersionLoggerListener.log Architecture:          amd64
02-Oct-2017 13:05:02.268 INFOS [main] org.apache.catalina.startup.VersionLoggerListener.log Java Home:             /usr/local/virtual_machine/anaconda3/jre
02-Oct-2017 13:05:02.268 INFOS [main] org.apache.catalina.startup.VersionLoggerListener.log JVM Version:           1.8.0_121-b15
02-Oct-2017 13:05:02.269 INFOS [main] org.apache.catalina.startup.VersionLoggerListener.log JVM Vendor:            Azul Systems, Inc.
02-Oct-2017 13:05:02.269 INFOS [main] org.apache.catalina.startup.VersionLoggerListener.log CATALINA_BASE:         /home/infoetu/lamboisa/S5/Projet/apache-tomcat-8.0.46
02-Oct-2017 13:05:02.269 INFOS [main] org.apache.catalina.startup.VersionLoggerListener.log CATALINA_HOME:         /home/infoetu/lamboisa/S5/Projet/apache-tomcat-8.0.46
02-Oct-2017 13:05:02.269 INFOS [main] org.apache.catalina.startup.VersionLoggerListener.log Command line argument: -Djava.util.logging.config.file=/home/infoetu/lamboisa/S5/Projet/apache-tomcat-8.0.46/conf/logging.properties
02-Oct-2017 13:05:02.269 INFOS [main] org.apache.catalina.startup.VersionLoggerListener.log Command line argument: -Djava.util.logging.manager=org.apache.juli.ClassLoaderLogManager
02-Oct-2017 13:05:02.269 INFOS [main] org.apache.catalina.startup.VersionLoggerListener.log Command line argument: -Djdk.tls.ephemeralDHKeySize=2048
02-Oct-2017 13:05:02.269 INFOS [main] org.apache.catalina.startup.VersionLoggerListener.log Command line argument: -Djava.protocol.handler.pkgs=org.apache.catalina.webresources
02-Oct-2017 13:05:02.269 INFOS [main] org.apache.catalina.startup.VersionLoggerListener.log Command line argument: -Djava.endorsed.dirs=/home/infoetu/lamboisa/S5/Projet/apache-tomcat-8.0.46/endorsed
02-Oct-2017 13:05:02.269 INFOS [main] org.apache.catalina.startup.VersionLoggerListener.log Command line argument: -Dcatalina.base=/home/infoetu/lamboisa/S5/Projet/apache-tomcat-8.0.46
02-Oct-2017 13:05:02.269 INFOS [main] org.apache.catalina.startup.VersionLoggerListener.log Command line argument: -Dcatalina.home=/home/infoetu/lamboisa/S5/Projet/apache-tomcat-8.0.46
02-Oct-2017 13:05:02.270 INFOS [main] org.apache.catalina.startup.VersionLoggerListener.log Command line argument: -Djava.io.tmpdir=/home/infoetu/lamboisa/S5/Projet/apache-tomcat-8.0.46/temp
02-Oct-2017 13:05:02.270 INFOS [main] org.apache.catalina.core.AprLifecycleListener.lifecycleEvent The APR based Apache Tomcat Native library which allows optimal performance in production environments was not found on the java.library.path: /usr/java/packages/lib/amd64:/usr/lib64:/lib64:/lib:/usr/lib
02-Oct-2017 13:05:02.340 INFOS [main] org.apache.coyote.AbstractProtocol.init Initializing ProtocolHandler ["http-nio-8080"]
02-Oct-2017 13:05:02.351 INFOS [main] org.apache.tomcat.util.net.NioSelectorPool.getSharedSelector Using a shared selector for servlet write/read
02-Oct-2017 13:05:02.353 INFOS [main] org.apache.coyote.AbstractProtocol.init Initializing ProtocolHandler ["ajp-nio-8009"]
02-Oct-2017 13:05:02.354 INFOS [main] org.apache.tomcat.util.net.NioSelectorPool.getSharedSelector Using a shared selector for servlet write/read
02-Oct-2017 13:05:02.355 INFOS [main] org.apache.catalina.startup.Catalina.load Initialization processed in 360 ms
02-Oct-2017 13:05:02.374 INFOS [main] org.apache.catalina.core.StandardService.startInternal Démarrage du service Catalina
02-Oct-2017 13:05:02.374 INFOS [main] org.apache.catalina.core.StandardEngine.startInternal Starting Servlet Engine: Apache Tomcat/8.0.46
02-Oct-2017 13:05:02.383 INFOS [localhost-startStop-1] org.apache.catalina.startup.HostConfig.deployDirectory Déploiement du répertoire /home/infoetu/lamboisa/S5/Projet/apache-tomcat-8.0.46/webapps/ROOT de l'application web
02-Oct-2017 13:05:02.620 INFOS [localhost-startStop-1] org.apache.catalina.startup.HostConfig.deployDirectory Deployment of web application directory /home/infoetu/lamboisa/S5/Projet/apache-tomcat-8.0.46/webapps/ROOT has finished in 236 ms
02-Oct-2017 13:05:02.620 INFOS [localhost-startStop-1] org.apache.catalina.startup.HostConfig.deployDirectory Déploiement du répertoire /home/infoetu/lamboisa/S5/Projet/apache-tomcat-8.0.46/webapps/ServerWeb de l'application web
02-Oct-2017 13:05:02.663 INFOS [localhost-startStop-1] org.apache.catalina.startup.HostConfig.deployDirectory Deployment of web application directory /home/infoetu/lamboisa/S5/Projet/apache-tomcat-8.0.46/webapps/ServerWeb has finished in 43 ms
02-Oct-2017 13:05:02.664 INFOS [localhost-startStop-1] org.apache.catalina.startup.HostConfig.deployDirectory Déploiement du répertoire /home/infoetu/lamboisa/S5/Projet/apache-tomcat-8.0.46/webapps/docs de l'application web
02-Oct-2017 13:05:02.677 INFOS [localhost-startStop-1] org.apache.catalina.startup.HostConfig.deployDirectory Deployment of web application directory /home/infoetu/lamboisa/S5/Projet/apache-tomcat-8.0.46/webapps/docs has finished in 13 ms
02-Oct-2017 13:05:02.677 INFOS [localhost-startStop-1] org.apache.catalina.startup.HostConfig.deployDirectory Déploiement du répertoire /home/infoetu/lamboisa/S5/Projet/apache-tomcat-8.0.46/webapps/manager de l'application web
02-Oct-2017 13:05:02.704 INFOS [localhost-startStop-1] org.apache.catalina.startup.HostConfig.deployDirectory Deployment of web application directory /home/infoetu/lamboisa/S5/Projet/apache-tomcat-8.0.46/webapps/manager has finished in 27 ms
02-Oct-2017 13:05:02.705 INFOS [localhost-startStop-1] org.apache.catalina.startup.HostConfig.deployDirectory Déploiement du répertoire /home/infoetu/lamboisa/S5/Projet/apache-tomcat-8.0.46/webapps/host-manager de l'application web
02-Oct-2017 13:05:02.723 INFOS [localhost-startStop-1] org.apache.catalina.startup.HostConfig.deployDirectory Deployment of web application directory /home/infoetu/lamboisa/S5/Projet/apache-tomcat-8.0.46/webapps/host-manager has finished in 18 ms
02-Oct-2017 13:05:02.723 INFOS [localhost-startStop-1] org.apache.catalina.startup.HostConfig.deployDirectory Déploiement du répertoire /home/infoetu/lamboisa/S5/Projet/apache-tomcat-8.0.46/webapps/examples de l'application web
02-Oct-2017 13:05:03.019 INFOS [localhost-startStop-1] org.apache.catalina.startup.HostConfig.deployDirectory Deployment of web application directory /home/infoetu/lamboisa/S5/Projet/apache-tomcat-8.0.46/webapps/examples has finished in 296 ms
02-Oct-2017 13:05:03.019 INFOS [localhost-startStop-1] org.apache.catalina.startup.HostConfig.deployDirectory Déploiement du répertoire /home/infoetu/lamboisa/S5/Projet/apache-tomcat-8.0.46/webapps/Projet de l'application web
02-Oct-2017 13:05:03.079 INFOS [localhost-startStop-1] org.apache.catalina.startup.HostConfig.deployDirectory Deployment of web application directory /home/infoetu/lamboisa/S5/Projet/apache-tomcat-8.0.46/webapps/Projet has finished in 60 ms
02-Oct-2017 13:05:03.081 INFOS [main] org.apache.coyote.AbstractProtocol.start Starting ProtocolHandler ["http-nio-8080"]
02-Oct-2017 13:05:03.086 INFOS [main] org.apache.coyote.AbstractProtocol.start Starting ProtocolHandler ["ajp-nio-8009"]
02-Oct-2017 13:05:03.087 INFOS [main] org.apache.catalina.startup.Catalina.start Server startup in 731 ms
02-Oct-2017 13:05:56.274 INFOS [Thread-5] org.apache.coyote.AbstractProtocol.pause Pausing ProtocolHandler ["http-nio-8080"]
02-Oct-2017 13:05:56.328 INFOS [Thread-5] org.apache.coyote.AbstractProtocol.pause Pausing ProtocolHandler ["ajp-nio-8009"]
02-Oct-2017 13:05:56.378 INFOS [Thread-5] org.apache.catalina.core.StandardService.stopInternal Arrêt du service Catalina
02-Oct-2017 13:05:56.404 INFOS [Thread-5] org.apache.coyote.AbstractProtocol.stop Stopping ProtocolHandler ["http-nio-8080"]
02-Oct-2017 13:05:56.405 INFOS [Thread-5] org.apache.coyote.AbstractProtocol.stop Stopping ProtocolHandler ["ajp-nio-8009"]
02-Oct-2017 13:05:56.406 INFOS [Thread-5] org.apache.coyote.AbstractProtocol.destroy Destroying ProtocolHandler ["http-nio-8080"]
02-Oct-2017 13:05:56.407 INFOS [Thread-5] org.apache.coyote.AbstractProtocol.destroy Destroying ProtocolHandler ["ajp-nio-8009"]
02-Oct-2017 13:05:58.315 INFOS [main] org.apache.catalina.startup.VersionLoggerListener.log Server version:        Apache Tomcat/8.0.46
02-Oct-2017 13:05:58.317 INFOS [main] org.apache.catalina.startup.VersionLoggerListener.log Server built:          Aug 10 2017 10:10:31 UTC
02-Oct-2017 13:05:58.317 INFOS [main] org.apache.catalina.startup.VersionLoggerListener.log Server number:         8.0.46.0
02-Oct-2017 13:05:58.317 INFOS [main] org.apache.catalina.startup.VersionLoggerListener.log OS Name:               Linux
02-Oct-2017 13:05:58.317 INFOS [main] org.apache.catalina.startup.VersionLoggerListener.log OS Version:            3.16.0-4-amd64
02-Oct-2017 13:05:58.317 INFOS [main] org.apache.catalina.startup.VersionLoggerListener.log Architecture:          amd64
02-Oct-2017 13:05:58.317 INFOS [main] org.apache.catalina.startup.VersionLoggerListener.log Java Home:             /usr/local/virtual_machine/anaconda3/jre
02-Oct-2017 13:05:58.317 INFOS [main] org.apache.catalina.startup.VersionLoggerListener.log JVM Version:           1.8.0_121-b15
02-Oct-2017 13:05:58.317 INFOS [main] org.apache.catalina.startup.VersionLoggerListener.log JVM Vendor:            Azul Systems, Inc.
02-Oct-2017 13:05:58.317 INFOS [main] org.apache.catalina.startup.VersionLoggerListener.log CATALINA_BASE:         /home/infoetu/lamboisa/S5/Projet/apache-tomcat-8.0.46
02-Oct-2017 13:05:58.317 INFOS [main] org.apache.catalina.startup.VersionLoggerListener.log CATALINA_HOME:         /home/infoetu/lamboisa/S5/Projet/apache-tomcat-8.0.46
02-Oct-2017 13:05:58.318 INFOS [main] org.apache.catalina.startup.VersionLoggerListener.log Command line argument: -Djava.util.logging.config.file=/home/infoetu/lamboisa/S5/Projet/apache-tomcat-8.0.46/conf/logging.properties
02-Oct-2017 13:05:58.318 INFOS [main] org.apache.catalina.startup.VersionLoggerListener.log Command line argument: -Djava.util.logging.manager=org.apache.juli.ClassLoaderLogManager
02-Oct-2017 13:05:58.318 INFOS [main] org.apache.catalina.startup.VersionLoggerListener.log Command line argument: -Djdk.tls.ephemeralDHKeySize=2048
02-Oct-2017 13:05:58.318 INFOS [main] org.apache.catalina.startup.VersionLoggerListener.log Command line argument: -Djava.protocol.handler.pkgs=org.apache.catalina.webresources
02-Oct-2017 13:05:58.318 INFOS [main] org.apache.catalina.startup.VersionLoggerListener.log Command line argument: -Djava.endorsed.dirs=/home/infoetu/lamboisa/S5/Projet/apache-tomcat-8.0.46/endorsed
02-Oct-2017 13:05:58.318 INFOS [main] org.apache.catalina.startup.VersionLoggerListener.log Command line argument: -Dcatalina.base=/home/infoetu/lamboisa/S5/Projet/apache-tomcat-8.0.46
02-Oct-2017 13:05:58.318 INFOS [main] org.apache.catalina.startup.VersionLoggerListener.log Command line argument: -Dcatalina.home=/home/infoetu/lamboisa/S5/Projet/apache-tomcat-8.0.46
02-Oct-2017 13:05:58.318 INFOS [main] org.apache.catalina.startup.VersionLoggerListener.log Command line argument: -Djava.io.tmpdir=/home/infoetu/lamboisa/S5/Projet/apache-tomcat-8.0.46/temp
02-Oct-2017 13:05:58.318 INFOS [main] org.apache.catalina.core.AprLifecycleListener.lifecycleEvent The APR based Apache Tomcat Native library which allows optimal performance in production environments was not found on the java.library.path: /usr/java/packages/lib/amd64:/usr/lib64:/lib64:/lib:/usr/lib
02-Oct-2017 13:05:58.389 INFOS [main] org.apache.coyote.AbstractProtocol.init Initializing ProtocolHandler ["http-nio-8080"]
02-Oct-2017 13:05:58.399 INFOS [main] org.apache.tomcat.util.net.NioSelectorPool.getSharedSelector Using a shared selector for servlet write/read
02-Oct-2017 13:05:58.401 INFOS [main] org.apache.coyote.AbstractProtocol.init Initializing ProtocolHandler ["ajp-nio-8009"]
02-Oct-2017 13:05:58.402 INFOS [main] org.apache.tomcat.util.net.NioSelectorPool.getSharedSelector Using a shared selector for servlet write/read
02-Oct-2017 13:05:58.403 INFOS [main] org.apache.catalina.startup.Catalina.load Initialization processed in 362 ms
02-Oct-2017 13:05:58.420 INFOS [main] org.apache.catalina.core.StandardService.startInternal Démarrage du service Catalina
02-Oct-2017 13:05:58.421 INFOS [main] org.apache.catalina.core.StandardEngine.startInternal Starting Servlet Engine: Apache Tomcat/8.0.46
02-Oct-2017 13:05:58.430 INFOS [localhost-startStop-1] org.apache.catalina.startup.HostConfig.deployDirectory Déploiement du répertoire /home/infoetu/lamboisa/S5/Projet/apache-tomcat-8.0.46/webapps/ROOT de l'application web
02-Oct-2017 13:05:58.660 INFOS [localhost-startStop-1] org.apache.catalina.startup.HostConfig.deployDirectory Deployment of web application directory /home/infoetu/lamboisa/S5/Projet/apache-tomcat-8.0.46/webapps/ROOT has finished in 229 ms
02-Oct-2017 13:05:58.660 INFOS [localhost-startStop-1] org.apache.catalina.startup.HostConfig.deployDirectory Déploiement du répertoire /home/infoetu/lamboisa/S5/Projet/apache-tomcat-8.0.46/webapps/ServerWeb de l'application web
02-Oct-2017 13:05:58.698 INFOS [localhost-startStop-1] org.apache.catalina.startup.HostConfig.deployDirectory Deployment of web application directory /home/infoetu/lamboisa/S5/Projet/apache-tomcat-8.0.46/webapps/ServerWeb has finished in 38 ms
02-Oct-2017 13:05:58.699 INFOS [localhost-startStop-1] org.apache.catalina.startup.HostConfig.deployDirectory Déploiement du répertoire /home/infoetu/lamboisa/S5/Projet/apache-tomcat-8.0.46/webapps/docs de l'application web
02-Oct-2017 13:05:58.712 INFOS [localhost-startStop-1] org.apache.catalina.startup.HostConfig.deployDirectory Deployment of web application directory /home/infoetu/lamboisa/S5/Projet/apache-tomcat-8.0.46/webapps/docs has finished in 13 ms
02-Oct-2017 13:05:58.712 INFOS [localhost-startStop-1] org.apache.catalina.startup.HostConfig.deployDirectory Déploiement du répertoire /home/infoetu/lamboisa/S5/Projet/apache-tomcat-8.0.46/webapps/manager de l'application web
02-Oct-2017 13:05:58.737 INFOS [localhost-startStop-1] org.apache.catalina.startup.HostConfig.deployDirectory Deployment of web application directory /home/infoetu/lamboisa/S5/Projet/apache-tomcat-8.0.46/webapps/manager has finished in 25 ms
02-Oct-2017 13:05:58.737 INFOS [localhost-startStop-1] org.apache.catalina.startup.HostConfig.deployDirectory Déploiement du répertoire /home/infoetu/lamboisa/S5/Projet/apache-tomcat-8.0.46/webapps/host-manager de l'application web
02-Oct-2017 13:05:58.753 INFOS [localhost-startStop-1] org.apache.catalina.startup.HostConfig.deployDirectory Deployment of web application directory /home/infoetu/lamboisa/S5/Projet/apache-tomcat-8.0.46/webapps/host-manager has finished in 16 ms
02-Oct-2017 13:05:58.753 INFOS [localhost-startStop-1] org.apache.catalina.startup.HostConfig.deployDirectory Déploiement du répertoire /home/infoetu/lamboisa/S5/Projet/apache-tomcat-8.0.46/webapps/examples de l'application web
02-Oct-2017 13:05:58.935 INFOS [localhost-startStop-1] org.apache.catalina.startup.HostConfig.deployDirectory Deployment of web application directory /home/infoetu/lamboisa/S5/Projet/apache-tomcat-8.0.46/webapps/examples has finished in 182 ms
02-Oct-2017 13:05:58.935 INFOS [localhost-startStop-1] org.apache.catalina.startup.HostConfig.deployDirectory Déploiement du répertoire /home/infoetu/lamboisa/S5/Projet/apache-tomcat-8.0.46/webapps/Projet de l'application web
02-Oct-2017 13:05:58.996 INFOS [localhost-startStop-1] org.apache.catalina.startup.HostConfig.deployDirectory Deployment of web application directory /home/infoetu/lamboisa/S5/Projet/apache-tomcat-8.0.46/webapps/Projet has finished in 60 ms
02-Oct-2017 13:05:58.998 INFOS [main] org.apache.coyote.AbstractProtocol.start Starting ProtocolHandler ["http-nio-8080"]
02-Oct-2017 13:05:59.002 INFOS [main] org.apache.coyote.AbstractProtocol.start Starting ProtocolHandler ["ajp-nio-8009"]
02-Oct-2017 13:05:59.003 INFOS [main] org.apache.catalina.startup.Catalina.start Server startup in 600 ms
02-Oct-2017 13:07:11.378 INFOS [Thread-5] org.apache.coyote.AbstractProtocol.pause Pausing ProtocolHandler ["http-nio-8080"]
02-Oct-2017 13:07:11.431 INFOS [Thread-5] org.apache.coyote.AbstractProtocol.pause Pausing ProtocolHandler ["ajp-nio-8009"]
02-Oct-2017 13:07:11.482 INFOS [Thread-5] org.apache.catalina.core.StandardService.stopInternal Arrêt du service Catalina
02-Oct-2017 13:07:11.507 INFOS [Thread-5] org.apache.coyote.AbstractProtocol.stop Stopping ProtocolHandler ["http-nio-8080"]
02-Oct-2017 13:07:11.557 INFOS [Thread-5] org.apache.coyote.AbstractProtocol.stop Stopping ProtocolHandler ["ajp-nio-8009"]
02-Oct-2017 13:07:11.558 INFOS [Thread-5] org.apache.coyote.AbstractProtocol.destroy Destroying ProtocolHandler ["http-nio-8080"]
02-Oct-2017 13:07:11.558 INFOS [Thread-5] org.apache.coyote.AbstractProtocol.destroy Destroying ProtocolHandler ["ajp-nio-8009"]
02-Oct-2017 13:07:24.748 INFOS [main] org.apache.catalina.startup.VersionLoggerListener.log Server version:        Apache Tomcat/8.0.46
02-Oct-2017 13:07:24.750 INFOS [main] org.apache.catalina.startup.VersionLoggerListener.log Server built:          Aug 10 2017 10:10:31 UTC
02-Oct-2017 13:07:24.750 INFOS [main] org.apache.catalina.startup.VersionLoggerListener.log Server number:         8.0.46.0
02-Oct-2017 13:07:24.750 INFOS [main] org.apache.catalina.startup.VersionLoggerListener.log OS Name:               Linux
02-Oct-2017 13:07:24.750 INFOS [main] org.apache.catalina.startup.VersionLoggerListener.log OS Version:            3.16.0-4-amd64
02-Oct-2017 13:07:24.750 INFOS [main] org.apache.catalina.startup.VersionLoggerListener.log Architecture:          amd64
02-Oct-2017 13:07:24.750 INFOS [main] org.apache.catalina.startup.VersionLoggerListener.log Java Home:             /usr/local/virtual_machine/anaconda3/jre
02-Oct-2017 13:07:24.750 INFOS [main] org.apache.catalina.startup.VersionLoggerListener.log JVM Version:           1.8.0_121-b15
02-Oct-2017 13:07:24.751 INFOS [main] org.apache.catalina.startup.VersionLoggerListener.log JVM Vendor:            Azul Systems, Inc.
02-Oct-2017 13:07:24.751 INFOS [main] org.apache.catalina.startup.VersionLoggerListener.log CATALINA_BASE:         /home/infoetu/lamboisa/S5/Projet/apache-tomcat-8.0.46
02-Oct-2017 13:07:24.751 INFOS [main] org.apache.catalina.startup.VersionLoggerListener.log CATALINA_HOME:         /home/infoetu/lamboisa/S5/Projet/apache-tomcat-8.0.46
02-Oct-2017 13:07:24.751 INFOS [main] org.apache.catalina.startup.VersionLoggerListener.log Command line argument: -Djava.util.logging.config.file=/home/infoetu/lamboisa/S5/Projet/apache-tomcat-8.0.46/conf/logging.properties
02-Oct-2017 13:07:24.751 INFOS [main] org.apache.catalina.startup.VersionLoggerListener.log Command line argument: -Djava.util.logging.manager=org.apache.juli.ClassLoaderLogManager
02-Oct-2017 13:07:24.751 INFOS [main] org.apache.catalina.startup.VersionLoggerListener.log Command line argument: -Djdk.tls.ephemeralDHKeySize=2048
02-Oct-2017 13:07:24.751 INFOS [main] org.apache.catalina.startup.VersionLoggerListener.log Command line argument: -Djava.protocol.handler.pkgs=org.apache.catalina.webresources
02-Oct-2017 13:07:24.751 INFOS [main] org.apache.catalina.startup.VersionLoggerListener.log Command line argument: -Djava.endorsed.dirs=/home/infoetu/lamboisa/S5/Projet/apache-tomcat-8.0.46/endorsed
02-Oct-2017 13:07:24.751 INFOS [main] org.apache.catalina.startup.VersionLoggerListener.log Command line argument: -Dcatalina.base=/home/infoetu/lamboisa/S5/Projet/apache-tomcat-8.0.46
02-Oct-2017 13:07:24.751 INFOS [main] org.apache.catalina.startup.VersionLoggerListener.log Command line argument: -Dcatalina.home=/home/infoetu/lamboisa/S5/Projet/apache-tomcat-8.0.46
02-Oct-2017 13:07:24.751 INFOS [main] org.apache.catalina.startup.VersionLoggerListener.log Command line argument: -Djava.io.tmpdir=/home/infoetu/lamboisa/S5/Projet/apache-tomcat-8.0.46/temp
02-Oct-2017 13:07:24.752 INFOS [main] org.apache.catalina.core.AprLifecycleListener.lifecycleEvent The APR based Apache Tomcat Native library which allows optimal performance in production environments was not found on the java.library.path: /usr/java/packages/lib/amd64:/usr/lib64:/lib64:/lib:/usr/lib
02-Oct-2017 13:07:24.823 INFOS [main] org.apache.coyote.AbstractProtocol.init Initializing ProtocolHandler ["http-nio-8080"]
02-Oct-2017 13:07:24.833 INFOS [main] org.apache.tomcat.util.net.NioSelectorPool.getSharedSelector Using a shared selector for servlet write/read
02-Oct-2017 13:07:24.835 INFOS [main] org.apache.coyote.AbstractProtocol.init Initializing ProtocolHandler ["ajp-nio-8009"]
02-Oct-2017 13:07:24.836 INFOS [main] org.apache.tomcat.util.net.NioSelectorPool.getSharedSelector Using a shared selector for servlet write/read
02-Oct-2017 13:07:24.837 INFOS [main] org.apache.catalina.startup.Catalina.load Initialization processed in 362 ms
02-Oct-2017 13:07:24.855 INFOS [main] org.apache.catalina.core.StandardService.startInternal Démarrage du service Catalina
02-Oct-2017 13:07:24.855 INFOS [main] org.apache.catalina.core.StandardEngine.startInternal Starting Servlet Engine: Apache Tomcat/8.0.46
02-Oct-2017 13:07:24.864 INFOS [localhost-startStop-1] org.apache.catalina.startup.HostConfig.deployDirectory Déploiement du répertoire /home/infoetu/lamboisa/S5/Projet/apache-tomcat-8.0.46/webapps/ROOT de l'application web
02-Oct-2017 13:07:25.101 INFOS [localhost-startStop-1] org.apache.catalina.startup.HostConfig.deployDirectory Deployment of web application directory /home/infoetu/lamboisa/S5/Projet/apache-tomcat-8.0.46/webapps/ROOT has finished in 236 ms
02-Oct-2017 13:07:25.101 INFOS [localhost-startStop-1] org.apache.catalina.startup.HostConfig.deployDirectory Déploiement du répertoire /home/infoetu/lamboisa/S5/Projet/apache-tomcat-8.0.46/webapps/ServerWeb de l'application web
02-Oct-2017 13:07:25.145 INFOS [localhost-startStop-1] org.apache.catalina.startup.HostConfig.deployDirectory Deployment of web application directory /home/infoetu/lamboisa/S5/Projet/apache-tomcat-8.0.46/webapps/ServerWeb has finished in 44 ms
02-Oct-2017 13:07:25.145 INFOS [localhost-startStop-1] org.apache.catalina.startup.HostConfig.deployDirectory Déploiement du répertoire /home/infoetu/lamboisa/S5/Projet/apache-tomcat-8.0.46/webapps/docs de l'application web
02-Oct-2017 13:07:25.158 INFOS [localhost-startStop-1] org.apache.catalina.startup.HostConfig.deployDirectory Deployment of web application directory /home/infoetu/lamboisa/S5/Projet/apache-tomcat-8.0.46/webapps/docs has finished in 13 ms
02-Oct-2017 13:07:25.158 INFOS [localhost-startStop-1] org.apache.catalina.startup.HostConfig.deployDirectory Déploiement du répertoire /home/infoetu/lamboisa/S5/Projet/apache-tomcat-8.0.46/webapps/manager de l'application web
02-Oct-2017 13:07:25.187 INFOS [localhost-startStop-1] org.apache.catalina.startup.HostConfig.deployDirectory Deployment of web application directory /home/infoetu/lamboisa/S5/Projet/apache-tomcat-8.0.46/webapps/manager has finished in 29 ms
02-Oct-2017 13:07:25.187 INFOS [localhost-startStop-1] org.apache.catalina.startup.HostConfig.deployDirectory Déploiement du répertoire /home/infoetu/lamboisa/S5/Projet/apache-tomcat-8.0.46/webapps/host-manager de l'application web
02-Oct-2017 13:07:25.206 INFOS [localhost-startStop-1] org.apache.catalina.startup.HostConfig.deployDirectory Deployment of web application directory /home/infoetu/lamboisa/S5/Projet/apache-tomcat-8.0.46/webapps/host-manager has finished in 19 ms
02-Oct-2017 13:07:25.206 INFOS [localhost-startStop-1] org.apache.catalina.startup.HostConfig.deployDirectory Déploiement du répertoire /home/infoetu/lamboisa/S5/Projet/apache-tomcat-8.0.46/webapps/examples de l'application web
02-Oct-2017 13:07:25.499 INFOS [localhost-startStop-1] org.apache.catalina.startup.HostConfig.deployDirectory Deployment of web application directory /home/infoetu/lamboisa/S5/Projet/apache-tomcat-8.0.46/webapps/examples has finished in 293 ms
02-Oct-2017 13:07:25.499 INFOS [localhost-startStop-1] org.apache.catalina.startup.HostConfig.deployDirectory Déploiement du répertoire /home/infoetu/lamboisa/S5/Projet/apache-tomcat-8.0.46/webapps/Projet de l'application web
02-Oct-2017 13:07:25.558 INFOS [localhost-startStop-1] org.apache.catalina.startup.HostConfig.deployDirectory Deployment of web application directory /home/infoetu/lamboisa/S5/Projet/apache-tomcat-8.0.46/webapps/Projet has finished in 59 ms
02-Oct-2017 13:07:25.560 INFOS [main] org.apache.coyote.AbstractProtocol.start Starting ProtocolHandler ["http-nio-8080"]
02-Oct-2017 13:07:25.565 INFOS [main] org.apache.coyote.AbstractProtocol.start Starting ProtocolHandler ["ajp-nio-8009"]
02-Oct-2017 13:07:25.566 INFOS [main] org.apache.catalina.startup.Catalina.start Server startup in 728 ms
02-Oct-2017 13:28:56.013 INFOS [ContainerBackgroundProcessor[StandardEngine[Catalina]]] org.apache.catalina.startup.HostConfig.reload Reloading context [/Projet]
02-Oct-2017 13:28:56.013 INFOS [ContainerBackgroundProcessor[StandardEngine[Catalina]]] org.apache.catalina.core.StandardContext.reload Le rechargement du contexte [/Projet] a démarré
02-Oct-2017 13:28:56.044 INFOS [ContainerBackgroundProcessor[StandardEngine[Catalina]]] org.apache.catalina.core.StandardContext.reload Le rechargement de ce contexte est terminé
02-Oct-2017 14:31:02.016 INFOS [main] org.apache.catalina.startup.VersionLoggerListener.log Server version:        Apache Tomcat/8.0.46
02-Oct-2017 14:31:02.018 INFOS [main] org.apache.catalina.startup.VersionLoggerListener.log Server built:          Aug 10 2017 10:10:31 UTC
02-Oct-2017 14:31:02.018 INFOS [main] org.apache.catalina.startup.VersionLoggerListener.log Server number:         8.0.46.0
02-Oct-2017 14:31:02.018 INFOS [main] org.apache.catalina.startup.VersionLoggerListener.log OS Name:               Linux
02-Oct-2017 14:31:02.018 INFOS [main] org.apache.catalina.startup.VersionLoggerListener.log OS Version:            3.16.0-4-amd64
02-Oct-2017 14:31:02.018 INFOS [main] org.apache.catalina.startup.VersionLoggerListener.log Architecture:          amd64
02-Oct-2017 14:31:02.018 INFOS [main] org.apache.catalina.startup.VersionLoggerListener.log Java Home:             /usr/local/virtual_machine/anaconda3/jre
02-Oct-2017 14:31:02.019 INFOS [main] org.apache.catalina.startup.VersionLoggerListener.log JVM Version:           1.8.0_121-b15
02-Oct-2017 14:31:02.019 INFOS [main] org.apache.catalina.startup.VersionLoggerListener.log JVM Vendor:            Azul Systems, Inc.
02-Oct-2017 14:31:02.019 INFOS [main] org.apache.catalina.startup.VersionLoggerListener.log CATALINA_BASE:         /home/infoetu/nissea/Documents/PROJET /ProjetSemestre1/apache-tomcat-8.0.46
02-Oct-2017 14:31:02.019 INFOS [main] org.apache.catalina.startup.VersionLoggerListener.log CATALINA_HOME:         /home/infoetu/nissea/Documents/PROJET /ProjetSemestre1/apache-tomcat-8.0.46
02-Oct-2017 14:31:02.019 INFOS [main] org.apache.catalina.startup.VersionLoggerListener.log Command line argument: -Djava.util.logging.config.file=/home/infoetu/nissea/Documents/PROJET /ProjetSemestre1/apache-tomcat-8.0.46/conf/logging.properties
02-Oct-2017 14:31:02.019 INFOS [main] org.apache.catalina.startup.VersionLoggerListener.log Command line argument: -Djava.util.logging.manager=org.apache.juli.ClassLoaderLogManager
02-Oct-2017 14:31:02.019 INFOS [main] org.apache.catalina.startup.VersionLoggerListener.log Command line argument: -Djdk.tls.ephemeralDHKeySize=2048
02-Oct-2017 14:31:02.019 INFOS [main] org.apache.catalina.startup.VersionLoggerListener.log Command line argument: -Djava.protocol.handler.pkgs=org.apache.catalina.webresources
02-Oct-2017 14:31:02.019 INFOS [main] org.apache.catalina.startup.VersionLoggerListener.log Command line argument: -Djava.endorsed.dirs=/home/infoetu/nissea/Documents/PROJET /ProjetSemestre1/apache-tomcat-8.0.46/endorsed
02-Oct-2017 14:31:02.019 INFOS [main] org.apache.catalina.startup.VersionLoggerListener.log Command line argument: -Dcatalina.base=/home/infoetu/nissea/Documents/PROJET /ProjetSemestre1/apache-tomcat-8.0.46
02-Oct-2017 14:31:02.020 INFOS [main] org.apache.catalina.startup.VersionLoggerListener.log Command line argument: -Dcatalina.home=/home/infoetu/nissea/Documents/PROJET /ProjetSemestre1/apache-tomcat-8.0.46
02-Oct-2017 14:31:02.020 INFOS [main] org.apache.catalina.startup.VersionLoggerListener.log Command line argument: -Djava.io.tmpdir=/home/infoetu/nissea/Documents/PROJET /ProjetSemestre1/apache-tomcat-8.0.46/temp
02-Oct-2017 14:31:02.020 INFOS [main] org.apache.catalina.core.AprLifecycleListener.lifecycleEvent The APR based Apache Tomcat Native library which allows optimal performance in production environments was not found on the java.library.path: /usr/java/packages/lib/amd64:/usr/lib64:/lib64:/lib:/usr/lib
02-Oct-2017 14:31:02.091 INFOS [main] org.apache.coyote.AbstractProtocol.init Initializing ProtocolHandler ["http-nio-8080"]
02-Oct-2017 14:31:02.102 INFOS [main] org.apache.tomcat.util.net.NioSelectorPool.getSharedSelector Using a shared selector for servlet write/read
02-Oct-2017 14:31:02.104 INFOS [main] org.apache.coyote.AbstractProtocol.init Initializing ProtocolHandler ["ajp-nio-8009"]
02-Oct-2017 14:31:02.105 INFOS [main] org.apache.tomcat.util.net.NioSelectorPool.getSharedSelector Using a shared selector for servlet write/read
02-Oct-2017 14:31:02.106 INFOS [main] org.apache.catalina.startup.Catalina.load Initialization processed in 367 ms
02-Oct-2017 14:31:02.125 INFOS [main] org.apache.catalina.core.StandardService.startInternal Démarrage du service Catalina
02-Oct-2017 14:31:02.125 INFOS [main] org.apache.catalina.core.StandardEngine.startInternal Starting Servlet Engine: Apache Tomcat/8.0.46
02-Oct-2017 14:31:02.135 INFOS [localhost-startStop-1] org.apache.catalina.startup.HostConfig.deployDirectory Déploiement du répertoire /home/infoetu/nissea/Documents/PROJET /ProjetSemestre1/apache-tomcat-8.0.46/webapps/ROOT de l'application web
02-Oct-2017 14:31:02.380 INFOS [localhost-startStop-1] org.apache.catalina.startup.HostConfig.deployDirectory Deployment of web application directory /home/infoetu/nissea/Documents/PROJET /ProjetSemestre1/apache-tomcat-8.0.46/webapps/ROOT has finished in 244 ms
02-Oct-2017 14:31:02.381 INFOS [localhost-startStop-1] org.apache.catalina.startup.HostConfig.deployDirectory Déploiement du répertoire /home/infoetu/nissea/Documents/PROJET /ProjetSemestre1/apache-tomcat-8.0.46/webapps/ServerWeb de l'application web
02-Oct-2017 14:31:02.456 INFOS [localhost-startStop-1] org.apache.catalina.startup.HostConfig.deployDirectory Deployment of web application directory /home/infoetu/nissea/Documents/PROJET /ProjetSemestre1/apache-tomcat-8.0.46/webapps/ServerWeb has finished in 75 ms
02-Oct-2017 14:31:02.456 INFOS [localhost-startStop-1] org.apache.catalina.startup.HostConfig.deployDirectory Déploiement du répertoire /home/infoetu/nissea/Documents/PROJET /ProjetSemestre1/apache-tomcat-8.0.46/webapps/docs de l'application web
02-Oct-2017 14:31:02.474 INFOS [localhost-startStop-1] org.apache.catalina.startup.HostConfig.deployDirectory Deployment of web application directory /home/infoetu/nissea/Documents/PROJET /ProjetSemestre1/apache-tomcat-8.0.46/webapps/docs has finished in 18 ms
02-Oct-2017 14:31:02.475 INFOS [localhost-startStop-1] org.apache.catalina.startup.HostConfig.deployDirectory Déploiement du répertoire /home/infoetu/nissea/Documents/PROJET /ProjetSemestre1/apache-tomcat-8.0.46/webapps/manager de l'application web
02-Oct-2017 14:31:02.508 INFOS [localhost-startStop-1] org.apache.catalina.startup.HostConfig.deployDirectory Deployment of web application directory /home/infoetu/nissea/Documents/PROJET /ProjetSemestre1/apache-tomcat-8.0.46/webapps/manager has finished in 33 ms
02-Oct-2017 14:31:02.508 INFOS [localhost-startStop-1] org.apache.catalina.startup.HostConfig.deployDirectory Déploiement du répertoire /home/infoetu/nissea/Documents/PROJET /ProjetSemestre1/apache-tomcat-8.0.46/webapps/host-manager de l'application web
02-Oct-2017 14:31:02.539 INFOS [localhost-startStop-1] org.apache.catalina.startup.HostConfig.deployDirectory Deployment of web application directory /home/infoetu/nissea/Documents/PROJET /ProjetSemestre1/apache-tomcat-8.0.46/webapps/host-manager has finished in 31 ms
02-Oct-2017 14:31:02.539 INFOS [localhost-startStop-1] org.apache.catalina.startup.HostConfig.deployDirectory Déploiement du répertoire /home/infoetu/nissea/Documents/PROJET /ProjetSemestre1/apache-tomcat-8.0.46/webapps/examples de l'application web
02-Oct-2017 14:31:02.852 INFOS [localhost-startStop-1] org.apache.catalina.startup.HostConfig.deployDirectory Deployment of web application directory /home/infoetu/nissea/Documents/PROJET /ProjetSemestre1/apache-tomcat-8.0.46/webapps/examples has finished in 313 ms
02-Oct-2017 14:31:02.852 INFOS [localhost-startStop-1] org.apache.catalina.startup.HostConfig.deployDirectory Déploiement du répertoire /home/infoetu/nissea/Documents/PROJET /ProjetSemestre1/apache-tomcat-8.0.46/webapps/Projet de l'application web
02-Oct-2017 14:31:02.874 INFOS [localhost-startStop-1] org.apache.catalina.startup.HostConfig.deployDirectory Deployment of web application directory /home/infoetu/nissea/Documents/PROJET /ProjetSemestre1/apache-tomcat-8.0.46/webapps/Projet has finished in 21 ms
02-Oct-2017 14:31:02.876 INFOS [main] org.apache.coyote.AbstractProtocol.start Starting ProtocolHandler ["http-nio-8080"]
02-Oct-2017 14:31:02.886 INFOS [main] org.apache.coyote.AbstractProtocol.start Starting ProtocolHandler ["ajp-nio-8009"]
02-Oct-2017 14:31:02.887 INFOS [main] org.apache.catalina.startup.Catalina.start Server startup in 781 ms
02-Oct-2017 16:43:24.054 INFOS [Thread-5] org.apache.coyote.AbstractProtocol.pause Pausing ProtocolHandler ["http-nio-8080"]
02-Oct-2017 16:43:24.108 INFOS [Thread-5] org.apache.coyote.AbstractProtocol.pause Pausing ProtocolHandler ["ajp-nio-8009"]
02-Oct-2017 16:43:24.159 INFOS [Thread-5] org.apache.catalina.core.StandardService.stopInternal Arrêt du service Catalina
02-Oct-2017 16:43:24.187 INFOS [Thread-5] org.apache.coyote.AbstractProtocol.stop Stopping ProtocolHandler ["http-nio-8080"]
02-Oct-2017 16:43:24.188 INFOS [Thread-5] org.apache.coyote.AbstractProtocol.stop Stopping ProtocolHandler ["ajp-nio-8009"]
02-Oct-2017 16:43:24.189 INFOS [Thread-5] org.apache.coyote.AbstractProtocol.destroy Destroying ProtocolHandler ["http-nio-8080"]
02-Oct-2017 16:43:24.190 INFOS [Thread-5] org.apache.coyote.AbstractProtocol.destroy Destroying ProtocolHandler ["ajp-nio-8009"]
